2013/02/11 11:35:57 [error] [exception.CHttpException.404] exception 'CHttpException' with message 'Невозможно обработать запрос "'".' in X:\home\framework\yii\yii-1.1.13.e9e4a0\framework\web\CWebApplication.php:286
Stack trace:
#0 X:\home\framework\yii\yii-1.1.13.e9e4a0\framework\web\CWebApplication.php(141): CWebApplication->runController(''')
#1 X:\home\framework\yii\yii-1.1.13.e9e4a0\framework\base\CApplication.php(169): CWebApplication->processRequest()
#2 X:\home\artbrains5.ru\www\index.php(13): CApplication->run()
#3 {main}
REQUEST_URI=//'
---
2013/02/11 13:26:31 [error] [exception.CException] exception 'CException' with message 'Конфигурация объекта должна быть представлена массивом, содержащим элемент "class".' in X:\home\framework\yii\yii-1.1.13.e9e4a0\framework\yiilite.php:85
Stack trace:
#0 X:\home\framework\yii\yii-1.1.13.e9e4a0\framework\yiilite.php(1049): YiiBase::createComponent(Array)
#1 X:\home\framework\yii\yii-1.1.13.e9e4a0\framework\yiilite.php(2834): CModule->getComponent('cache')
#2 X:\home\framework\yii\yii-1.1.13.e9e4a0\framework\yiilite.php(2828): CUrlManager->processRules()
#3 X:\home\framework\yii\yii-1.1.13.e9e4a0\framework\yiilite.php(1050): CUrlManager->init()
#4 X:\home\framework\yii\yii-1.1.13.e9e4a0\framework\yiilite.php(1323): CModule->getComponent('urlManager')
#5 X:\home\framework\yii\yii-1.1.13.e9e4a0\framework\yiilite.php(1644): CApplication->getUrlManager()
#6 X:\home\framework\yii\yii-1.1.13.e9e4a0\framework\yiilite.php(1170): CWebApplication->processRequest()
#7 X:\home\artbrains5.ru\www\index.php(13): CApplication->run()
#8 {main}
REQUEST_URI=/items/index
HTTP_REFERER=http://artbrains5.ru/items/admin
---
2013/02/20 15:18:36 [error] [exception.CException] exception 'CException' with message 'Не определено свойство "CWebApplication.assetsManager".' in X:\home\framework\yii\yii-1.1.13.e9e4a0\framework\yiilite.php:628
Stack trace:
#0 X:\home\artbrains5.ru\www\protected\views\layouts\plg.php(1): CComponent->__set('assetsManager', NULL)
#1 X:\home\framework\yii\yii-1.1.13.e9e4a0\framework\yiilite.php(3252): require('X:\home\artbrai...')
#2 X:\home\artbrains5.ru\www\protected\extensions\yii-debug-toolbar\yii-debug-toolbar\components\YiiDebugViewRenderer.php(47): CBaseController->renderInternal('X:\home\artbrai...', Array, true)
#3 X:\home\framework\yii\yii-1.1.13.e9e4a0\framework\yiilite.php(3229): YiiDebugViewRenderer->renderFile(Object(SiteController), 'X:\home\artbrai...', Array, true)
#4 X:\home\framework\yii\yii-1.1.13.e9e4a0\framework\yiilite.php(3625): CBaseController->renderFile('X:\home\artbrai...', Array, true)
#5 X:\home\framework\yii\yii-1.1.13.e9e4a0\framework\web\actions\CViewAction.php(140): CController->render('pages/towers')
#6 X:\home\framework\yii\yii-1.1.13.e9e4a0\framework\yiilite.php(3850): CViewAction->run()
#7 X:\home\framework\yii\yii-1.1.13.e9e4a0\framework\yiilite.php(3403): CAction->runWithParams(Array)
#8 X:\home\framework\yii\yii-1.1.13.e9e4a0\framework\yiilite.php(3388): CController->runAction(Object(CViewAction))
#9 X:\home\framework\yii\yii-1.1.13.e9e4a0\framework\yiilite.php(3378): CController->runActionWithFilters(Object(CViewAction), Array)
#10 X:\home\framework\yii\yii-1.1.13.e9e4a0\framework\yiilite.php(1725): CController->run('page')
#11 X:\home\framework\yii\yii-1.1.13.e9e4a0\framework\yiilite.php(1645): CWebApplication->runController('site/page/view/...')
#12 X:\home\framework\yii\yii-1.1.13.e9e4a0\framework\yiilite.php(1170): CWebApplication->processRequest()
#13 X:\home\artbrains5.ru\www\index.php(13): CApplication->run()
#14 {main}
REQUEST_URI=/site/page/view/towers
---
2013/02/20 15:18:43 [error] [exception.CException] exception 'CException' with message 'Не определено свойство "CWebApplication.assetsManager".' in X:\home\framework\yii\yii-1.1.13.e9e4a0\framework\yiilite.php:628
Stack trace:
#0 X:\home\artbrains5.ru\www\protected\views\layouts\plg.php(1): CComponent->__set('assetsManager', NULL)
#1 X:\home\framework\yii\yii-1.1.13.e9e4a0\framework\yiilite.php(3252): require('X:\home\artbrai...')
#2 X:\home\artbrains5.ru\www\protected\extensions\yii-debug-toolbar\yii-debug-toolbar\components\YiiDebugViewRenderer.php(47): CBaseController->renderInternal('X:\home\artbrai...', Array, true)
#3 X:\home\framework\yii\yii-1.1.13.e9e4a0\framework\yiilite.php(3229): YiiDebugViewRenderer->renderFile(Object(SiteController), 'X:\home\artbrai...', Array, true)
#4 X:\home\framework\yii\yii-1.1.13.e9e4a0\framework\yiilite.php(3625): CBaseController->renderFile('X:\home\artbrai...', Array, true)
#5 X:\home\framework\yii\yii-1.1.13.e9e4a0\framework\web\actions\CViewAction.php(140): CController->render('pages/towers')
#6 X:\home\framework\yii\yii-1.1.13.e9e4a0\framework\yiilite.php(3850): CViewAction->run()
#7 X:\home\framework\yii\yii-1.1.13.e9e4a0\framework\yiilite.php(3403): CAction->runWithParams(Array)
#8 X:\home\framework\yii\yii-1.1.13.e9e4a0\framework\yiilite.php(3388): CController->runAction(Object(CViewAction))
#9 X:\home\framework\yii\yii-1.1.13.e9e4a0\framework\yiilite.php(3378): CController->runActionWithFilters(Object(CViewAction), Array)
#10 X:\home\framework\yii\yii-1.1.13.e9e4a0\framework\yiilite.php(1725): CController->run('page')
#11 X:\home\framework\yii\yii-1.1.13.e9e4a0\framework\yiilite.php(1645): CWebApplication->runController('site/page/view/...')
#12 X:\home\framework\yii\yii-1.1.13.e9e4a0\framework\yiilite.php(1170): CWebApplication->processRequest()
#13 X:\home\artbrains5.ru\www\index.php(13): CApplication->run()
#14 {main}
REQUEST_URI=/site/page/view/towers
---
2013/02/20 15:19:02 [error] [exception.CException] exception 'CException' with message 'В классе CWebApplication и его поведениях не найден метод или замыкание с именем "assetsManager".' in X:\home\framework\yii\yii-1.1.13.e9e4a0\framework\yiilite.php:694
Stack trace:
#0 X:\home\artbrains5.ru\www\protected\views\layouts\plg.php(1): CComponent->__call('assetsManager', Array)
#1 X:\home\artbrains5.ru\www\protected\views\layouts\plg.php(1): CWebApplication->assetsManager(false)
#2 X:\home\framework\yii\yii-1.1.13.e9e4a0\framework\yiilite.php(3252): require('X:\home\artbrai...')
#3 X:\home\artbrains5.ru\www\protected\extensions\yii-debug-toolbar\yii-debug-toolbar\components\YiiDebugViewRenderer.php(47): CBaseController->renderInternal('X:\home\artbrai...', Array, true)
#4 X:\home\framework\yii\yii-1.1.13.e9e4a0\framework\yiilite.php(3229): YiiDebugViewRenderer->renderFile(Object(SiteController), 'X:\home\artbrai...', Array, true)
#5 X:\home\framework\yii\yii-1.1.13.e9e4a0\framework\yiilite.php(3625): CBaseController->renderFile('X:\home\artbrai...', Array, true)
#6 X:\home\framework\yii\yii-1.1.13.e9e4a0\framework\web\actions\CViewAction.php(140): CController->render('pages/towers')
#7 X:\home\framework\yii\yii-1.1.13.e9e4a0\framework\yiilite.php(3850): CViewAction->run()
#8 X:\home\framework\yii\yii-1.1.13.e9e4a0\framework\yiilite.php(3403): CAction->runWithParams(Array)
#9 X:\home\framework\yii\yii-1.1.13.e9e4a0\framework\yiilite.php(3388): CController->runAction(Object(CViewAction))
#10 X:\home\framework\yii\yii-1.1.13.e9e4a0\framework\yiilite.php(3378): CController->runActionWithFilters(Object(CViewAction), Array)
#11 X:\home\framework\yii\yii-1.1.13.e9e4a0\framework\yiilite.php(1725): CController->run('page')
#12 X:\home\framework\yii\yii-1.1.13.e9e4a0\framework\yiilite.php(1645): CWebApplication->runController('site/page/view/...')
#13 X:\home\framework\yii\yii-1.1.13.e9e4a0\framework\yiilite.php(1170): CWebApplication->processRequest()
#14 X:\home\artbrains5.ru\www\index.php(13): CApplication->run()
#15 {main}
REQUEST_URI=/site/page/view/towers
---
2013/02/20 15:35:59 [error] [exception.CException] exception 'CException' with message 'Не определено свойство "CWebApplication.bootstrap".' in X:\home\framework\yii\yii-1.1.13.e9e4a0\framework\yiilite.php:628
Stack trace:
#0 X:\home\artbrains5.ru\www\protected\views\layouts\plg.php(1): CComponent->__set('bootstrap', NULL)
#1 X:\home\framework\yii\yii-1.1.13.e9e4a0\framework\yiilite.php(3252): require('X:\home\artbrai...')
#2 X:\home\artbrains5.ru\www\protected\extensions\yii-debug-toolbar\yii-debug-toolbar\components\YiiDebugViewRenderer.php(47): CBaseController->renderInternal('X:\home\artbrai...', Array, true)
#3 X:\home\framework\yii\yii-1.1.13.e9e4a0\framework\yiilite.php(3229): YiiDebugViewRenderer->renderFile(Object(SiteController), 'X:\home\artbrai...', Array, true)
#4 X:\home\framework\yii\yii-1.1.13.e9e4a0\framework\yiilite.php(3625): CBaseController->renderFile('X:\home\artbrai...', Array, true)
#5 X:\home\framework\yii\yii-1.1.13.e9e4a0\framework\web\actions\CViewAction.php(140): CController->render('pages/towers')
#6 X:\home\framework\yii\yii-1.1.13.e9e4a0\framework\yiilite.php(3850): CViewAction->run()
#7 X:\home\framework\yii\yii-1.1.13.e9e4a0\framework\yiilite.php(3403): CAction->runWithParams(Array)
#8 X:\home\framework\yii\yii-1.1.13.e9e4a0\framework\yiilite.php(3388): CController->runAction(Object(CViewAction))
#9 X:\home\framework\yii\yii-1.1.13.e9e4a0\framework\yiilite.php(3378): CController->runActionWithFilters(Object(CViewAction), Array)
#10 X:\home\framework\yii\yii-1.1.13.e9e4a0\framework\yiilite.php(1725): CController->run('page')
#11 X:\home\framework\yii\yii-1.1.13.e9e4a0\framework\yiilite.php(1645): CWebApplication->runController('site/page/view/...')
#12 X:\home\framework\yii\yii-1.1.13.e9e4a0\framework\yiilite.php(1170): CWebApplication->processRequest()
#13 X:\home\artbrains5.ru\www\index.php(13): CApplication->run()
#14 {main}
REQUEST_URI=/site/page/view/towers
---
2013/02/20 15:46:11 [error] [exception.CException] exception 'CException' with message 'Не определено свойство "CViewAction.clientScript".' in X:\home\framework\yii\yii-1.1.13.e9e4a0\framework\yiilite.php:628
Stack trace:
#0 X:\home\framework\yii\yii-1.1.13.e9e4a0\framework\yiilite.php(109): CComponent->__set('clientScript', Array)
#1 X:\home\framework\yii\yii-1.1.13.e9e4a0\framework\yiilite.php(3470): YiiBase::createComponent(Array, Object(SiteController), 'page')
#2 X:\home\framework\yii\yii-1.1.13.e9e4a0\framework\yiilite.php(3459): CController->createActionFromMap(Array, 'page', 'page')
#3 X:\home\framework\yii\yii-1.1.13.e9e4a0\framework\yiilite.php(3372): CController->createAction('page')
#4 X:\home\framework\yii\yii-1.1.13.e9e4a0\framework\yiilite.php(1725): CController->run('page')
#5 X:\home\framework\yii\yii-1.1.13.e9e4a0\framework\yiilite.php(1645): CWebApplication->runController('site/page/view/...')
#6 X:\home\framework\yii\yii-1.1.13.e9e4a0\framework\yiilite.php(1170): CWebApplication->processRequest()
#7 X:\home\artbrains5.ru\www\index.php(13): CApplication->run()
#8 {main}
REQUEST_URI=/site/page/view/towers
---
2013/02/20 15:51:16 [error] [exception.CException] exception 'CException' with message 'Не определено свойство "CViewAction.clientScript".' in X:\home\framework\yii\yii-1.1.13.e9e4a0\framework\yiilite.php:628
Stack trace:
#0 X:\home\framework\yii\yii-1.1.13.e9e4a0\framework\yiilite.php(109): CComponent->__set('clientScript', Array)
#1 X:\home\framework\yii\yii-1.1.13.e9e4a0\framework\yiilite.php(3470): YiiBase::createComponent(Array, Object(SiteController), 'page')
#2 X:\home\framework\yii\yii-1.1.13.e9e4a0\framework\yiilite.php(3459): CController->createActionFromMap(Array, 'page', 'page')
#3 X:\home\framework\yii\yii-1.1.13.e9e4a0\framework\yiilite.php(3372): CController->createAction('page')
#4 X:\home\framework\yii\yii-1.1.13.e9e4a0\framework\yiilite.php(1725): CController->run('page')
#5 X:\home\framework\yii\yii-1.1.13.e9e4a0\framework\yiilite.php(1645): CWebApplication->runController('site/page/view/...')
#6 X:\home\framework\yii\yii-1.1.13.e9e4a0\framework\yiilite.php(1170): CWebApplication->processRequest()
#7 X:\home\artbrains5.ru\www\index.php(13): CApplication->run()
#8 {main}
REQUEST_URI=/site/page/view/towers
---
2013/02/20 15:51:41 [error] [exception.CException] exception 'CException' with message 'Не определено свойство "CViewAction.clientScript".' in X:\home\framework\yii\yii-1.1.13.e9e4a0\framework\yiilite.php:628
Stack trace:
#0 X:\home\framework\yii\yii-1.1.13.e9e4a0\framework\yiilite.php(109): CComponent->__set('clientScript', Array)
#1 X:\home\framework\yii\yii-1.1.13.e9e4a0\framework\yiilite.php(3470): YiiBase::createComponent(Array, Object(SiteController), 'page')
#2 X:\home\framework\yii\yii-1.1.13.e9e4a0\framework\yiilite.php(3459): CController->createActionFromMap(Array, 'page', 'page')
#3 X:\home\framework\yii\yii-1.1.13.e9e4a0\framework\yiilite.php(3372): CController->createAction('page')
#4 X:\home\framework\yii\yii-1.1.13.e9e4a0\framework\yiilite.php(1725): CController->run('page')
#5 X:\home\framework\yii\yii-1.1.13.e9e4a0\framework\yiilite.php(1645): CWebApplication->runController('site/page/view/...')
#6 X:\home\framework\yii\yii-1.1.13.e9e4a0\framework\yiilite.php(1170): CWebApplication->processRequest()
#7 X:\home\artbrains5.ru\www\index.php(13): CApplication->run()
#8 {main}
REQUEST_URI=/site/page/view/towers
---
2013/02/20 15:51:55 [error] [exception.CException] exception 'CException' with message 'Не определено свойство "CViewAction.clientScript".' in X:\home\framework\yii\yii-1.1.13.e9e4a0\framework\yiilite.php:628
Stack trace:
#0 X:\home\framework\yii\yii-1.1.13.e9e4a0\framework\yiilite.php(109): CComponent->__set('clientScript', Array)
#1 X:\home\framework\yii\yii-1.1.13.e9e4a0\framework\yiilite.php(3470): YiiBase::createComponent(Array, Object(SiteController), 'page')
#2 X:\home\framework\yii\yii-1.1.13.e9e4a0\framework\yiilite.php(3459): CController->createActionFromMap(Array, 'page', 'page')
#3 X:\home\framework\yii\yii-1.1.13.e9e4a0\framework\yiilite.php(3372): CController->createAction('page')
#4 X:\home\framework\yii\yii-1.1.13.e9e4a0\framework\yiilite.php(1725): CController->run('page')
#5 X:\home\framework\yii\yii-1.1.13.e9e4a0\framework\yiilite.php(1645): CWebApplication->runController('site/page/view/...')
#6 X:\home\framework\yii\yii-1.1.13.e9e4a0\framework\yiilite.php(1170): CWebApplication->processRequest()
#7 X:\home\artbrains5.ru\www\index.php(13): CApplication->run()
#8 {main}
REQUEST_URI=/site/page/view/towers
---
2013/02/20 16:31:04 [error] [exception.CException] exception 'CException' with message 'Свойство "CWebApplication.clientScript" доступно только для чтения.' in X:\home\framework\yii\yii-1.1.13.e9e4a0\framework\yiilite.php:625
Stack trace:
#0 X:\home\artbrains5.ru\www\protected\views\site\pages\towers.php(5): CComponent->__set('clientScript', Array)
#1 X:\home\framework\yii\yii-1.1.13.e9e4a0\framework\yiilite.php(3252): require('X:\home\artbrai...')
#2 X:\home\artbrains5.ru\www\protected\extensions\yii-debug-toolbar\yii-debug-toolbar\components\YiiDebugViewRenderer.php(47): CBaseController->renderInternal('X:\home\artbrai...', NULL, true)
#3 X:\home\framework\yii\yii-1.1.13.e9e4a0\framework\yiilite.php(3229): YiiDebugViewRenderer->renderFile(Object(SiteController), 'X:\home\artbrai...', NULL, true)
#4 X:\home\framework\yii\yii-1.1.13.e9e4a0\framework\yiilite.php(3655): CBaseController->renderFile('X:\home\artbrai...', NULL, true)
#5 X:\home\framework\yii\yii-1.1.13.e9e4a0\framework\yiilite.php(3623): CController->renderPartial('pages/towers', NULL, true)
#6 X:\home\framework\yii\yii-1.1.13.e9e4a0\framework\web\actions\CViewAction.php(140): CController->render('pages/towers')
#7 X:\home\framework\yii\yii-1.1.13.e9e4a0\framework\yiilite.php(3850): CViewAction->run()
#8 X:\home\framework\yii\yii-1.1.13.e9e4a0\framework\yiilite.php(3403): CAction->runWithParams(Array)
#9 X:\home\framework\yii\yii-1.1.13.e9e4a0\framework\yiilite.php(3388): CController->runAction(Object(CViewAction))
#10 X:\home\framework\yii\yii-1.1.13.e9e4a0\framework\yiilite.php(3378): CController->runActionWithFilters(Object(CViewAction), Array)
#11 X:\home\framework\yii\yii-1.1.13.e9e4a0\framework\yiilite.php(1725): CController->run('page')
#12 X:\home\framework\yii\yii-1.1.13.e9e4a0\framework\yiilite.php(1645): CWebApplication->runController('site/page/view/...')
#13 X:\home\framework\yii\yii-1.1.13.e9e4a0\framework\yiilite.php(1170): CWebApplication->processRequest()
#14 X:\home\artbrains5.ru\www\index.php(13): CApplication->run()
#15 {main}
REQUEST_URI=/site/page/view/towers
---
2013/02/20 16:32:07 [error] [exception.CException] exception 'CException' with message 'Свойство "CWebApplication.clientScript" доступно только для чтения.' in X:\home\framework\yii\yii-1.1.13.e9e4a0\framework\yiilite.php:625
Stack trace:
#0 X:\home\artbrains5.ru\www\protected\controllers\SiteController.php(65): CComponent->__set('clientScript', Array)
#1 X:\home\framework\yii\yii-1.1.13.e9e4a0\framework\yiilite.php(3891): SiteController->actionContact()
#2 X:\home\framework\yii\yii-1.1.13.e9e4a0\framework\yiilite.php(3403): CInlineAction->runWithParams(Array)
#3 X:\home\framework\yii\yii-1.1.13.e9e4a0\framework\yiilite.php(3388): CController->runAction(Object(CInlineAction))
#4 X:\home\framework\yii\yii-1.1.13.e9e4a0\framework\yiilite.php(3378): CController->runActionWithFilters(Object(CInlineAction), Array)
#5 X:\home\framework\yii\yii-1.1.13.e9e4a0\framework\yiilite.php(1725): CController->run('contact')
#6 X:\home\framework\yii\yii-1.1.13.e9e4a0\framework\yiilite.php(1645): CWebApplication->runController('site/contact')
#7 X:\home\framework\yii\yii-1.1.13.e9e4a0\framework\yiilite.php(1170): CWebApplication->processRequest()
#8 X:\home\artbrains5.ru\www\index.php(13): CApplication->run()
#9 {main}
REQUEST_URI=/site/contact
HTTP_REFERER=http://artbrains5.ru/items/index
---
2013/02/20 16:32:12 [error] [exception.CException] exception 'CException' with message 'Не определено свойство "SiteController.clientScript".' in X:\home\framework\yii\yii-1.1.13.e9e4a0\framework\yiilite.php:628
Stack trace:
#0 X:\home\artbrains5.ru\www\protected\controllers\SiteController.php(65): CComponent->__set('clientScript', Array)
#1 X:\home\framework\yii\yii-1.1.13.e9e4a0\framework\yiilite.php(3891): SiteController->actionContact()
#2 X:\home\framework\yii\yii-1.1.13.e9e4a0\framework\yiilite.php(3403): CInlineAction->runWithParams(Array)
#3 X:\home\framework\yii\yii-1.1.13.e9e4a0\framework\yiilite.php(3388): CController->runAction(Object(CInlineAction))
#4 X:\home\framework\yii\yii-1.1.13.e9e4a0\framework\yiilite.php(3378): CController->runActionWithFilters(Object(CInlineAction), Array)
#5 X:\home\framework\yii\yii-1.1.13.e9e4a0\framework\yiilite.php(1725): CController->run('contact')
#6 X:\home\framework\yii\yii-1.1.13.e9e4a0\framework\yiilite.php(1645): CWebApplication->runController('site/contact')
#7 X:\home\framework\yii\yii-1.1.13.e9e4a0\framework\yiilite.php(1170): CWebApplication->processRequest()
#8 X:\home\artbrains5.ru\www\index.php(13): CApplication->run()
#9 {main}
REQUEST_URI=/site/contact
HTTP_REFERER=http://artbrains5.ru/items/index
---
2013/02/20 16:34:29 [error] [exception.CException] exception 'CException' with message 'Не определено свойство "SiteController.clientScript".' in X:\home\framework\yii\yii-1.1.13.e9e4a0\framework\yiilite.php:600
Stack trace:
#0 X:\home\artbrains5.ru\www\protected\controllers\SiteController.php(65): CComponent->__get('clientScript')
#1 X:\home\framework\yii\yii-1.1.13.e9e4a0\framework\yiilite.php(3891): SiteController->actionContact()
#2 X:\home\framework\yii\yii-1.1.13.e9e4a0\framework\yiilite.php(3403): CInlineAction->runWithParams(Array)
#3 X:\home\framework\yii\yii-1.1.13.e9e4a0\framework\yiilite.php(3388): CController->runAction(Object(CInlineAction))
#4 X:\home\framework\yii\yii-1.1.13.e9e4a0\framework\yiilite.php(3378): CController->runActionWithFilters(Object(CInlineAction), Array)
#5 X:\home\framework\yii\yii-1.1.13.e9e4a0\framework\yiilite.php(1725): CController->run('contact')
#6 X:\home\framework\yii\yii-1.1.13.e9e4a0\framework\yiilite.php(1645): CWebApplication->runController('site/contact')
#7 X:\home\framework\yii\yii-1.1.13.e9e4a0\framework\yiilite.php(1170): CWebApplication->processRequest()
#8 X:\home\artbrains5.ru\www\index.php(13): CApplication->run()
#9 {main}
REQUEST_URI=/site/contact
HTTP_REFERER=http://artbrains5.ru/items/index
---
2013/02/21 14:43:37 [error] [exception.CException] exception 'CException' with message 'Фильтр "COutputCache" неверный. Контроллер "ItemsController" не содержит метода "filterCOutputCache".' in X:\home\framework\yii\yii-1.1.13.e9e4a0\framework\yiilite.php:6441
Stack trace:
#0 X:\home\framework\yii\yii-1.1.13.e9e4a0\framework\yiilite.php(6360): CInlineFilter::create(Object(ItemsController), 'COutputCache')
#1 X:\home\framework\yii\yii-1.1.13.e9e4a0\framework\yiilite.php(3393): CFilterChain::create(Object(ItemsController), Object(CInlineAction), Array)
#2 X:\home\framework\yii\yii-1.1.13.e9e4a0\framework\yiilite.php(3378): CController->runActionWithFilters(Object(CInlineAction), Array)
#3 X:\home\framework\yii\yii-1.1.13.e9e4a0\framework\yiilite.php(1725): CController->run('')
#4 X:\home\framework\yii\yii-1.1.13.e9e4a0\framework\yiilite.php(1645): CWebApplication->runController('')
#5 X:\home\framework\yii\yii-1.1.13.e9e4a0\framework\yiilite.php(1170): CWebApplication->processRequest()
#6 X:\home\artbrains5.ru\www\index.php(13): CApplication->run()
#7 {main}
REQUEST_URI=/
---
